[33mГ”ГҳВ»[39m Building...
[32mГ”ВЈГ¶[39m Building...
Application bundle generation failed. [6.522 seconds] - 2026-05-20T07:01:49.488Z

Г”ВЈГҝ [ERROR] TS2367: This comparison appears to be unintentional because the types 'EstadoParcela' and '"ACTIVO"' have no overlap. [plugin angular-compiler]

    src/app/features/parcelas/pages/parcelas-page/parcelas-page.component.html:216:34:
      216 Г”Г¶Г©                 'badge-active':   p.estado === 'ACTIVO',
          Г”ГІГҒ                                   ~~~~~~~~~~~~~~~~~~~~~

  Error occurs in the template of component ParcelasPageComponent.

    src/app/features/parcelas/pages/parcelas-page/parcelas-page.component.ts:11:15:
      11 Г”Г¶Г©   templateUrl: './parcelas-page.component.html',
         Г”ГІГҒ                ~~~~~~~~~~~~~~~~~~~~~~~~~~~~~~~~


Г”ВЈГҝ [ERROR] TS2367: This comparison appears to be unintentional because the types 'EstadoParcela' and '"EN_RIESGO"' have no overlap. [plugin angular-compiler]

    src/app/features/parcelas/pages/parcelas-page/parcelas-page.component.html:217:34:
      217 Г”Г¶Г©                 'badge-risk':     p.estado === 'EN_RIESGO',
          Г”ГІГҒ                                   ~~~~~~~~~~~~~~~~~~~~~~~~

  Error occurs in the template of component ParcelasPageComponent.

    src/app/features/parcelas/pages/parcelas-page/parcelas-page.component.ts:11:15:
      11 Г”Г¶Г©   templateUrl: './parcelas-page.component.html',
         Г”ГІГҒ                ~~~~~~~~~~~~~~~~~~~~~~~~~~~~~~~~


Г”ВЈГҝ [ERROR] TS2367: This comparison appears to be unintentional because the types 'EstadoParcela' and '"INACTIVO"' have no overlap. [plugin angular-compiler]

    src/app/features/parcelas/pages/parcelas-page/parcelas-page.component.html:218:34:
      218 Г”Г¶Г©                 'badge-inactive': p.estado === 'INACTIVO'
          Г”ГІГҒ                                   ~~~~~~~~~~~~~~~~~~~~~~~

  Error occurs in the template of component ParcelasPageComponent.

    src/app/features/parcelas/pages/parcelas-page/parcelas-page.component.ts:11:15:
      11 Г”Г¶Г©   templateUrl: './parcelas-page.component.html',
         Г”ГІГҒ                ~~~~~~~~~~~~~~~~~~~~~~~~~~~~~~~~


Г”ВЈГҝ [ERROR] TS2367: This comparison appears to be unintentional because the types 'EstadoParcela' and '"EN_RIESGO"' have no overlap. [plugin angular-compiler]

    src/app/features/parcelas/pages/parcelas-page/parcelas-page.component.html:219:20:
      219 Г”Г¶Г©               }">{{ p.estado === 'EN_RIESGO' ? 'En riesgo' : p.es...
          Г”ГІГҒ                     ~~~~~~~~~~~~~~~~~~~~~~~~

  Error occurs in the template of component ParcelasPageComponent.

    src/app/features/parcelas/pages/parcelas-page/parcelas-page.component.ts:11:15:
      11 Г”Г¶Г©   templateUrl: './parcelas-page.component.html',
         Г”ГІГҒ                ~~~~~~~~~~~~~~~~~~~~~~~~~~~~~~~~


Г”ВЈГҝ [ERROR] TS2367: This comparison appears to be unintentional because the types 'EstadoParcela' and '"ACTIVO"' have no overlap. [plugin angular-compiler]

    src/app/features/parcelas/pages/parcelas-page/parcelas-page.component.html:219:61:
      219 Г”Г¶Г© ...SGO' ? 'En riesgo' : p.estado === 'ACTIVO' ? 'Activo' : 'Inact...
          Г”ГІГҒ                         ~~~~~~~~~~~~~~~~~~~~~

  Error occurs in the template of component ParcelasPageComponent.

    src/app/features/parcelas/pages/parcelas-page/parcelas-page.component.ts:11:15:
      11 Г”Г¶Г©   templateUrl: './parcelas-page.component.html',
         Г”ГІГҒ                ~~~~~~~~~~~~~~~~~~~~~~~~~~~~~~~~


Г”ВЈГҝ [ERROR] TS2339: Property 'fechaSiembra' does not exist on type 'Parcela'. [plugin angular-compiler]

    src/app/features/parcelas/pages/parcelas-page/parcelas-page.component.html:226:28:
      226 Г”Г¶Г©               <span>ВӯЖ’Г®в–’ {{ p.fechaSiembra ? (p.fechaSiembra | da...
          Г”ГІГҒ                          ~~~~~~~~~~~~

  Error occurs in the template of component ParcelasPageComponent.

    src/app/features/parcelas/pages/parcelas-page/parcelas-page.component.ts:11:15:
      11 Г”Г¶Г©   templateUrl: './parcelas-page.component.html',
         Г”ГІГҒ                ~~~~~~~~~~~~~~~~~~~~~~~~~~~~~~~~


Г”ВЈГҝ [ERROR] TS2339: Property 'fechaSiembra' does not exist on type 'Parcela'. [plugin angular-compiler]

    src/app/features/parcelas/pages/parcelas-page/parcelas-page.component.html:226:46:
      226 Г”Г¶Г© ...Вҙв”җВўВҙв”җВўВҙв”җВў {{ p.fechaSiembra ? (p.fechaSiembra | date:'dd/MM/yy') : '...
          Г”ГІГҒ                             ~~~~~~~~~~~~

  Error occurs in the template of component ParcelasPageComponent.

    src/app/features/parcelas/pages/parcelas-page/parcelas-page.component.ts:11:15:
      11 Г”Г¶Г©   templateUrl: './parcelas-page.component.html',
         Г”ГІГҒ                ~~~~~~~~~~~~~~~~~~~~~~~~~~~~~~~~


Г”ВЈГҝ [ERROR] TS2339: Property 'fechaCosechaEstimada' does not exist on type 'Parcela'. [plugin angular-compiler]

    src/app/features/parcelas/pages/parcelas-page/parcelas-page.component.html:227:28:
      227 Г”Г¶Г© ...       <span>ВӯЖ’ГҙГ  {{ p.fechaCosechaEstimada ? (p.fechaCosechaE...
          Г”ГІГҒ                      ~~~~~~~~~~~~~~~~~~~~

  Error occurs in the template of component ParcelasPageComponent.

    src/app/features/parcelas/pages/parcelas-page/parcelas-page.component.ts:11:15:
      11 Г”Г¶Г©   templateUrl: './parcelas-page.component.html',
         Г”ГІГҒ                ~~~~~~~~~~~~~~~~~~~~~~~~~~~~~~~~


Г”ВЈГҝ [ERROR] TS2339: Property 'fechaCosechaEstimada' does not exist on type 'Parcela'. [plugin angular-compiler]

    src/app/features/parcelas/pages/parcelas-page/parcelas-page.component.html:227:54:
      227 Г”Г¶Г© ...haCosechaEstimada ? (p.fechaCosechaEstimada | date:'dd/MM/yy')...
          Г”ГІГҒ                         ~~~~~~~~~~~~~~~~~~~~

  Error occurs in the template of component ParcelasPageComponent.

    src/app/features/parcelas/pages/parcelas-page/parcelas-page.component.ts:11:15:
      11 Г”Г¶Г©   templateUrl: './parcelas-page.component.html',
         Г”ГІГҒ                ~~~~~~~~~~~~~~~~~~~~~~~~~~~~~~~~


Г”ВЈГҝ [ERROR] TS2339: Property 'humedad' does not exist on type 'Parcela'. [plugin angular-compiler]

    src/app/features/parcelas/pages/parcelas-page/parcelas-page.component.html:230:29:
      230 Г”Г¶Г©               <span *ngIf="p.humedad !== null">ВӯЖ’ГҶВә {{ p.humedad ...
          Г”ГІГҒ                              ~~~~~~~

  Error occurs in the template of component ParcelasPageComponent.

    src/app/features/parcelas/pages/parcelas-page/parcelas-page.component.ts:11:15:
      11 Г”Г¶Г©   templateUrl: './parcelas-page.component.html',
         Г”ГІГҒ                ~~~~~~~~~~~~~~~~~~~~~~~~~~~~~~~~


Г”ВЈГҝ [ERROR] TS2339: Property 'humedad' does not exist on type 'Parcela'. [plugin angular-compiler]

    src/app/features/parcelas/pages/parcelas-page/parcelas-page.component.html:230:55:
      230 Г”Г¶Г© ...    <span *ngIf="p.humedad !== null">ВӯЖ’ГҶВә {{ p.humedad }}%</span>
          Г”ГІГҒ                                              ~~~~~~~

  Error occurs in the template of component ParcelasPageComponent.

    src/app/features/parcelas/pages/parcelas-page/parcelas-page.component.ts:11:15:
      11 Г”Г¶Г©   templateUrl: './parcelas-page.component.html',
         Г”ГІГҒ                ~~~~~~~~~~~~~~~~~~~~~~~~~~~~~~~~


Г”ВЈГҝ [ERROR] TS2339: Property 'temperatura' does not exist on type 'Parcela'. [plugin angular-compiler]

    src/app/features/parcelas/pages/parcelas-page/parcelas-page.component.html:231:29:
      231 Г”Г¶Г©               <span *ngIf="p.temperatura !== null">ВӯЖ’Г®ГӯВҙВ©Г… {{ p.t...
          Г”ГІГҒ                              ~~~~~~~~~~~

  Error occurs in the template of component ParcelasPageComponent.

    src/app/features/parcelas/pages/parcelas-page/parcelas-page.component.ts:11:15:
      11 Г”Г¶Г©   templateUrl: './parcelas-page.component.html',
         Г”ГІГҒ                ~~~~~~~~~~~~~~~~~~~~~~~~~~~~~~~~


Г”ВЈГҝ [ERROR] TS2339: Property 'temperatura' does not exist on type 'Parcela'. [plugin angular-compiler]

    src/app/features/parcelas/pages/parcelas-page/parcelas-page.component.html:231:60:
      231 Г”Г¶Г© ...If="p.temperatura !== null">ВӯЖ’Г®ГӯВҙВ©Г… {{ p.temperatura }}в”¬в–‘C</span>
          Г”ГІГҒ                                    ~~~~~~~~~~~

  Error occurs in the template of component ParcelasPageComponent.

    src/app/features/parcelas/pages/parcelas-page/parcelas-page.component.ts:11:15:
      11 Г”Г¶Г©   templateUrl: './parcelas-page.component.html',
         Г”ГІГҒ                ~~~~~~~~~~~~~~~~~~~~~~~~~~~~~~~~


Г”ВЈГҝ [ERROR] TS2339: Property 'humedad' does not exist on type 'Parcela'. [plugin angular-compiler]

    src/app/features/parcelas/pages/parcelas-page/parcelas-page.component.html:232:29:
      232 Г”Г¶Г©               <span *ngIf="p.humedad === null && p.temperatura ==...
          Г”ГІГҒ                              ~~~~~~~

  Error occurs in the template of component ParcelasPageComponent.

    src/app/features/parcelas/pages/parcelas-page/parcelas-page.component.ts:11:15:
      11 Г”Г¶Г©   templateUrl: './parcelas-page.component.html',
         Г”ГІГҒ                ~~~~~~~~~~~~~~~~~~~~~~~~~~~~~~~~


Г”ВЈГҝ [ERROR] TS2339: Property 'temperatura' does not exist on type 'Parcela'. [plugin angular-compiler]

    src/app/features/parcelas/pages/parcelas-page/parcelas-page.component.html:232:51:
      232 Г”Г¶Г© ...="p.humedad === null && p.temperatura === null" style="color:v...
          Г”ГІГҒ                              ~~~~~~~~~~~

  Error occurs in the template of component ParcelasPageComponent.

    src/app/features/parcelas/pages/parcelas-page/parcelas-page.component.ts:11:15:
      11 Г”Г¶Г©   templateUrl: './parcelas-page.component.html',
         Г”ГІГҒ                ~~~~~~~~~~~~~~~~~~~~~~~~~~~~~~~~


Г”ВЈГҝ [ERROR] TS2345: Argument of type 'number | undefined' is not assignable to parameter of type 'number'.
  Type 'undefined' is not assignable to type 'number'. [plugin angular-compiler]

    src/app/features/parcelas/pages/parcelas-page/parcelas-page.component.html:254:72:
      254 Г”Г¶Г© ...ss="btn-danger btn-icon" (click)="delete(p.id)" title="Eliminar">
          Г”ГІГҒ                                               ~~

  Error occurs in the template of component ParcelasPageComponent.

    src/app/features/parcelas/pages/parcelas-page/parcelas-page.component.ts:11:15:
      11 Г”Г¶Г©   templateUrl: './parcelas-page.component.html',
         Г”ГІГҒ                ~~~~~~~~~~~~~~~~~~~~~~~~~~~~~~~~


Г”ВЈГҝ [ERROR] TS2345: Argument of type 'number | undefined' is not assignable to parameter of type 'number'.
  Type 'undefined' is not assignable to type 'number'. [plugin angular-compiler]

    src/app/features/parcelas/pages/parcelas-page/parcelas-page.component.html:265:67:
      265 Г”Г¶Г© ...-secondary" (click)="restore(p.id)" style="color:var(--success)">
          Г”ГІГҒ                                   ~~

  Error occurs in the template of component ParcelasPageComponent.

    src/app/features/parcelas/pages/parcelas-page/parcelas-page.component.ts:11:15:
      11 Г”Г¶Г©   templateUrl: './parcelas-page.component.html',
         Г”ГІГҒ                ~~~~~~~~~~~~~~~~~~~~~~~~~~~~~~~~


Г”ВЈГҝ [ERROR] TS2339: Property 'onSearch' does not exist on type 'ParcelasPageComponent'. [plugin angular-compiler]

    src/app/features/parcelas/pages/parcelas-page/parcelas-page.component.html:293:62:
      293 Г”Г¶Г© ...    placeholder="Buscar parcela..." (keyup.enter)="onSearch()" />
          Г”ГІГҒ                                                       ~~~~~~~~

  Error occurs in the template of component ParcelasPageComponent.

    src/app/features/parcelas/pages/parcelas-page/parcelas-page.component.ts:11:15:
      11 Г”Г¶Г©   templateUrl: './parcelas-page.component.html',
         Г”ГІГҒ                ~~~~~~~~~~~~~~~~~~~~~~~~~~~~~~~~


Г”ВЈГҝ [ERROR] TS2339: Property 'openCreate' does not exist on type 'ParcelasPageComponent'. [plugin angular-compiler]

    src/app/features/parcelas/pages/parcelas-page/parcelas-page.component.html:295:43:
      295 Г”Г¶Г©       <button class="btn-primary" (click)="openCreate()">
          Г”ГІГҒ                                            ~~~~~~~~~~

  Error occurs in the template of component ParcelasPageComponent.

    src/app/features/parcelas/pages/parcelas-page/parcelas-page.component.ts:11:15:
      11 Г”Г¶Г©   templateUrl: './parcelas-page.component.html',
         Г”ГІГҒ                ~~~~~~~~~~~~~~~~~~~~~~~~~~~~~~~~


Г”ВЈГҝ [ERROR] TS2339: Property 'openEdit' does not exist on type 'ParcelasPageComponent'. [plugin angular-compiler]

    src/app/features/parcelas/pages/parcelas-page/parcelas-page.component.html:370:19:
      370 Г”Г¶Г©     (editParcela)="openEdit($event)"
          Г”ГІГҒ                    ~~~~~~~~

  Error occurs in the template of component ParcelasPageComponent.

    src/app/features/parcelas/pages/parcelas-page/parcelas-page.component.ts:11:15:
      11 Г”Г¶Г©   templateUrl: './parcelas-page.component.html',
         Г”ГІГҒ                ~~~~~~~~~~~~~~~~~~~~~~~~~~~~~~~~


